<?xml version="1.0" encoding="UTF-8"?>
<testng-results ignored="0" total="1" passed="1" failed="0" skipped="0">
  <reporter-output>
    <line>
      <![CDATA[Fail]]>
    </line>
  </reporter-output>
  <suite started-at="2022-06-19T12:57:47 IST" name="Command line suite" finished-at="2022-06-19T12:59:25 IST" duration-ms="97769">
    <groups>
      <group name="cucumber">
        <method signature="AbstractTestNGCucumberTests.runScenario(io.cucumber.testng.PickleWrapper,io.cucumber.testng.FeatureWrapper)[pri:0, instance:runner.TestRunner@fa36558]" name="runScenario" class="io.cucumber.testng.AbstractTestNGCucumberTests"/>
      </group> <!-- cucumber -->
    </groups>
    <test started-at="2022-06-19T12:57:47 IST" name="Command line test" finished-at="2022-06-19T12:59:25 IST" duration-ms="97769">
      <class name="runner.TestRunner">
        <test-method is-config="true" signature="setUpClass(org.testng.ITestContext)[pri:0, instance:runner.TestRunner@fa36558]" started-at="2022-06-19T12:57:47 IST" name="setUpClass" finished-at="2022-06-19T12:57:48 IST" duration-ms="523" status="PASS">
          <params>
            <param index="0">
              <value>
                <![CDATA[org.testng.TestRunner@7c2b6acb]]>
              </value>
            </param>
          </params>
          <reporter-output>
          </reporter-output>
        </test-method> <!-- setUpClass -->
        <test-method signature="runScenario(io.cucumber.testng.PickleWrapper,io.cucumber.testng.FeatureWrapper)[pri:0, instance:runner.TestRunner@fa36558]" started-at="2022-06-19T12:57:48 IST" name="runScenario" description="Runs Cucumber Scenarios" data-provider="scenarios" finished-at="2022-06-19T12:59:25 IST" duration-ms="97118" status="PASS">
          <params>
            <param index="0">
              <value>
                <![CDATA["Payment by UPI Method"]]>
              </value>
            </param>
            <param index="1">
              <value>
                <![CDATA["feature to test Payment functionality"]]>
              </value>
            </param>
          </params>
          <reporter-output>
            <line>
              <![CDATA[Fail]]>
            </line>
          </reporter-output>
        </test-method> <!-- runScenario -->
        <test-method is-config="true" signature="tearDownClass()[pri:0, instance:runner.TestRunner@fa36558]" started-at="2022-06-19T12:59:25 IST" name="tearDownClass" finished-at="2022-06-19T12:59:25 IST" duration-ms="104" status="PASS">
          <reporter-output>
          </reporter-output>
        </test-method> <!-- tearDownClass -->
      </class> <!-- runner.TestRunner -->
    </test> <!-- Command line test -->
  </suite> <!-- Command line suite -->
</testng-results>
